#
# A fatal error has been detected by the Java Runtime Environment:
#
#  EXCEPTION_ACCESS_VIOLATION (0xc0000005) at pc=0x000000005bc24a1b, pid=2868, tid=12012
#
# JRE version: Java(TM) SE Runtime Environment (7.0_79-b15) (build 1.7.0_79-b15)
# Java VM: Java HotSpot(TM) 64-Bit Server VM (24.79-b02 mixed mode windows-amd64 compressed oops)
# Problematic frame:
# V  [jvm.dll+0x144a1b]
#
# Failed to write core dump. Minidumps are not enabled by default on client versions of Windows
#
# If you would like to submit a bug report, please visit:
#   http://bugreport.java.com/bugreport/crash.jsp
#

---------------  T H R E A D  ---------------

Current thread (0x000000000a8e7000):  JavaThread "JDWP Transport Listener: dt_socket" daemon [_thread_in_vm, id=12012, stack(0x000000000c810000,0x000000000c910000)]

siginfo: ExceptionCode=0xc0000005, reading address 0x00003b6d61726761

Registers:
RAX=0x000000000c90f301, RBX=0x000000000a8e7000, RCX=0x00003b6d61726761, RDX=0x0000000000000000
RSP=0x000000000c90f330, RBP=0x00003b6d61726761, RSI=0x000000000c90f448, RDI=0x00000000021b8940
R8 =0x000000000a8e7000, R9 =0x0000000000000700, R10=0x0000000000000000, R11=0x0000070f00330006
R12=0x0000000000000000, R13=0x000000000a8db8b8, R14=0x0000000000000000, R15=0x0000000000000000
RIP=0x000000005bc24a1b, EFLAGS=0x0000000000010202

Top of Stack: (sp=0x000000000c90f330)
0x000000000c90f330:   000000000a8e7000 0000000000000002
0x000000000c90f340:   000000000c90f3f8 000000005bdc6a59
0x000000000c90f350:   000000000a8e7000 000000005bde4602
0x000000000c90f360:   0000000000000000 000000006adc8e8d
0x000000000c90f370:   000000000cb1c700 000000006add2666
0x000000000c90f380:   000000000a8e7000 0000000000000000
0x000000000c90f390:   0000000000000000 0000000000000000
0x000000000c90f3a0:   00003b6d61726761 000000006add175d
0x000000000c90f3b0:   000000000c90f448 000000000c90f420
0x000000000c90f3c0:   0000000000000001 000000000cb1c700
0x000000000c90f3d0:   00003b6d61726761 000000006adb53b3
0x000000000c90f3e0:   000000000c90f510 0000000000000001
0x000000000c90f3f0:   0000000000000001 000000000cb1c700
0x000000000c90f400:   000000000000000a 0000000000000000
0x000000000c90f410:   0000000000000000 0000000000000000
0x000000000c90f420:   0000000000000001 000000006adb5571 

Instructions: (pc=0x000000005bc24a1b)
0x000000005bc249fb:   48 8b 5c 24 30 48 89 47 18 48 83 c4 20 5f c3 cc
0x000000005bc24a0b:   cc cc cc cc cc 40 53 48 83 ec 20 48 85 c9 74 54
0x000000005bc24a1b:   48 8b 19 48 85 db 74 4c 48 b8 fe fe fe fe fe fe
0x000000005bc24a2b:   fe fe 48 3b d8 74 3d 80 3d 8f 26 61 00 00 74 15 


Register to memory mapping:

RAX=0x000000000c90f301 is pointing into the stack for thread: 0x000000000a8e7000
RBX=0x000000000a8e7000 is a thread
RCX=0x00003b6d61726761 is an unknown value
RDX=0x0000000000000000 is an unknown value
RSP=0x000000000c90f330 is pointing into the stack for thread: 0x000000000a8e7000
RBP=0x00003b6d61726761 is an unknown value
RSI=0x000000000c90f448 is pointing into the stack for thread: 0x000000000a8e7000
RDI=0x00000000021b8940 is an unknown value
R8 =0x000000000a8e7000 is a thread
R9 =0x0000000000000700 is an unknown value
R10=0x0000000000000000 is an unknown value
R11=0x0000070f00330006 is an unknown value
R12=0x0000000000000000 is an unknown value
R13=0x000000000a8db8b8 is an unknown value
R14=0x0000000000000000 is an unknown value
R15=0x0000000000000000 is an unknown value


Stack: [0x000000000c810000,0x000000000c910000],  sp=0x000000000c90f330,  free space=1020k
Native frames: (J=compiled Java code, j=interpreted, Vv=VM code, C=native code)
V  [jvm.dll+0x144a1b]


---------------  P R O C E S S  ---------------

Java Threads: ( => current thread )
  0x000000000cae3800 JavaThread "Service Thread" daemon [_thread_blocked, id=5928, stack(0x000000000d350000,0x000000000d450000)]
  0x000000000a8fc800 JavaThread "C2 CompilerThread1" daemon [_thread_blocked, id=11940, stack(0x000000000d1f0000,0x000000000d2f0000)]
  0x000000000cada000 JavaThread "C2 CompilerThread0" daemon [_thread_blocked, id=7772, stack(0x000000000cfd0000,0x000000000d0d0000)]
  0x000000000a8f6000 JavaThread "JDWP Command Reader" daemon [_thread_in_native, id=532, stack(0x000000000c2f0000,0x000000000c3f0000)]
  0x000000000a8f4800 JavaThread "JDWP Event Helper Thread" daemon [_thread_blocked, id=7784, stack(0x000000000c9d0000,0x000000000cad0000)]
=>0x000000000a8e7000 JavaThread "JDWP Transport Listener: dt_socket" daemon [_thread_in_vm, id=12012, stack(0x000000000c810000,0x000000000c910000)]
  0x000000000a8df000 JavaThread "Attach Listener" daemon [_thread_blocked, id=10716, stack(0x000000000bc60000,0x000000000bd60000)]
  0x000000000a8da000 JavaThread "Signal Dispatcher" daemon [_thread_blocked, id=11628, stack(0x000000000bf10000,0x000000000c010000)]
  0x000000000a885000 JavaThread "Finalizer" daemon [_thread_blocked, id=6276, stack(0x000000000bd70000,0x000000000be70000)]
  0x000000000a87d800 JavaThread "Reference Handler" daemon [_thread_blocked, id=12260, stack(0x000000000bb20000,0x000000000bc20000)]
  0x00000000021be800 JavaThread "main" [_thread_blocked, id=12256, stack(0x0000000002280000,0x0000000002380000)]

Other Threads:
  0x000000000a87a000 VMThread [stack: 0x000000000b900000,0x000000000ba00000] [id=11836]
  0x000000000caf2000 WatcherThread [stack: 0x000000000d5d0000,0x000000000d6d0000] [id=9692]

VM state:not at safepoint (normal execution)

VM Mutex/Monitor currently owned by a thread: None

Heap
 PSYoungGen      total 38400K, used 1331K [0x00000007d5e00000, 0x00000007d8880000, 0x0000000800000000)
  eden space 33280K, 4% used [0x00000007d5e00000,0x00000007d5f4cd30,0x00000007d7e80000)
  from space 5120K, 0% used [0x00000007d8380000,0x00000007d8380000,0x00000007d8880000)
  to   space 5120K, 0% used [0x00000007d7e80000,0x00000007d7e80000,0x00000007d8380000)
 ParOldGen       total 86016K, used 0K [0x0000000781a00000, 0x0000000786e00000, 0x00000007d5e00000)
  object space 86016K, 0% used [0x0000000781a00000,0x0000000781a00000,0x0000000786e00000)
 PSPermGen       total 21504K, used 3174K [0x000000077c800000, 0x000000077dd00000, 0x0000000781a00000)
  object space 21504K, 14% used [0x000000077c800000,0x000000077cb19ab0,0x000000077dd00000)

Card table byte_map: [0x0000000005380000,0x00000000057a0000] byte_map_base: 0x000000000179c000

Polling page: 0x0000000000420000

Code Cache  [0x0000000002380000, 0x00000000025f0000, 0x0000000005380000)
 total_blobs=167 nmethods=0 adapters=143 free_code_cache=48771Kb largest_free_block=49941632

Compilation events (0 events):
No events

GC Heap History (0 events):
No events

Deoptimization events (0 events):
No events

Internal exceptions (6 events):
Event: 0.053 Thread 0x00000000021be800 Threw 0x00000007d5e0a140 at C:\re\jdk7u79\2331\hotspot\src\share\vm\prims\jni.cpp:3991
Event: 0.209 Thread 0x00000000021be800 Threw 0x00000007d5e4c668 at C:\re\jdk7u79\2331\hotspot\src\share\vm\prims\jvm.cpp:1304
Event: 0.236 Thread 0x00000000021be800 Threw 0x00000007d5e6bd20 at C:\re\jdk7u79\2331\hotspot\src\share\vm\prims\jvm.cpp:1304
Event: 0.236 Thread 0x00000000021be800 Threw 0x00000007d5e6be48 at C:\re\jdk7u79\2331\hotspot\src\share\vm\prims\jvm.cpp:1304
Event: 0.237 Thread 0x00000000021be800 Threw 0x00000007d5e6f380 at C:\re\jdk7u79\2331\hotspot\src\share\vm\prims\jvm.cpp:1304
Event: 0.237 Thread 0x00000000021be800 Threw 0x00000007d5e6f4a8 at C:\re\jdk7u79\2331\hotspot\src\share\vm\prims\jvm.cpp:1304

Events (10 events):
Event: 7291.525 Executing VM operation: RedefineClasses
Event: 7291.526 Executing VM operation: RedefineClasses done
Event: 7291.545 Executing VM operation: ChangeBreakpoints
Event: 7291.545 Executing VM operation: ChangeBreakpoints done
Event: 7291.545 Executing VM operation: ChangeBreakpoints
Event: 7291.545 Executing VM operation: ChangeBreakpoints done
Event: 7291.556 Executing VM operation: ChangeBreakpoints
Event: 7291.556 Executing VM operation: ChangeBreakpoints done
Event: 7408.264 Executing VM operation: RedefineClasses
Event: 7408.264 Executing VM operation: RedefineClasses done


Dynamic libraries:
0x000000013fbc0000 - 0x000000013fbf3000 	C:\Program Files\Java\jre7\bin\javaw.exe
0x0000000076d30000 - 0x0000000076ed9000 	C:\Windows\SYSTEM32\ntdll.dll
0x0000000076b10000 - 0x0000000076c2f000 	C:\Windows\system32\kernel32.dll
0x000007fefce00000 - 0x000007fefce6c000 	C:\Windows\system32\KERNELBASE.dll
0x000007fefd4d0000 - 0x000007fefd5ab000 	C:\Windows\system32\ADVAPI32.dll
0x000007fefef30000 - 0x000007fefefcf000 	C:\Windows\system32\msvcrt.dll
0x000007fefeee0000 - 0x000007fefeeff000 	C:\Windows\SYSTEM32\sechost.dll
0x000007fefeb40000 - 0x000007fefec6d000 	C:\Windows\system32\RPCRT4.dll
0x0000000076c30000 - 0x0000000076d2a000 	C:\Windows\system32\USER32.dll
0x000007fefefd0000 - 0x000007feff037000 	C:\Windows\system32\GDI32.dll
0x000007fefda00000 - 0x000007fefda0e000 	C:\Windows\system32\LPK.dll
0x000007fefec70000 - 0x000007fefed39000 	C:\Windows\system32\USP10.dll
0x000007fefb320000 - 0x000007fefb514000 	C:\Windows\WinSxS\amd64_microsoft.windows.common-controls_6595b64144ccf1df_6.0.7601.18837_none_fa3b1e3d17594757\COMCTL32.dll
0x000007fefd5b0000 - 0x000007fefd621000 	C:\Windows\system32\SHLWAPI.dll
0x000007fefef00000 - 0x000007fefef2e000 	C:\Windows\system32\IMM32.DLL
0x000007fefea30000 - 0x000007fefeb39000 	C:\Windows\system32\MSCTF.dll
0x000000005c2c0000 - 0x000000005c392000 	C:\Program Files\Java\jre7\bin\msvcr100.dll
0x000000005bae0000 - 0x000000005c2b5000 	C:\Program Files\Java\jre7\bin\server\jvm.dll
0x000007fef6510000 - 0x000007fef6519000 	C:\Windows\system32\WSOCK32.dll
0x000007fefcea0000 - 0x000007fefceed000 	C:\Windows\system32\WS2_32.dll
0x000007fefd1c0000 - 0x000007fefd1c8000 	C:\Windows\system32\NSI.dll
0x000007fefa890000 - 0x000007fefa8cb000 	C:\Windows\system32\WINMM.dll
0x0000000076f00000 - 0x0000000076f07000 	C:\Windows\system32\PSAPI.DLL
0x000000005ec40000 - 0x000000005ec4f000 	C:\Program Files\Java\jre7\bin\verify.dll
0x000000005ec10000 - 0x000000005ec38000 	C:\Program Files\Java\jre7\bin\java.dll
0x000000006adb0000 - 0x000000006ade5000 	C:\Program Files\Java\jre7\bin\jdwp.dll
0x000000006af70000 - 0x000000006af78000 	C:\Program Files\Java\jre7\bin\npt.dll
0x000000005ebf0000 - 0x000000005ec05000 	C:\Program Files\Java\jre7\bin\zip.dll
0x000000006ae30000 - 0x000000006ae39000 	C:\Program Files\Java\jre7\bin\dt_socket.dll
0x000007fefa270000 - 0x000007fefa285000 	C:\Windows\system32\NLAapi.dll
0x000007fef79e0000 - 0x000007fef79f5000 	C:\Windows\system32\napinsp.dll
0x000007fef7790000 - 0x000007fef77a9000 	C:\Windows\system32\pnrpnsp.dll
0x000007fefc320000 - 0x000007fefc375000 	C:\Windows\System32\mswsock.dll
0x000007fefc1a0000 - 0x000007fefc1fb000 	C:\Windows\system32\DNSAPI.dll
0x000007fef7780000 - 0x000007fef778b000 	C:\Windows\System32\winrnr.dll
0x000007fef7770000 - 0x000007fef7780000 	C:\Windows\system32\wshbth.dll
0x000007fefbcc0000 - 0x000007fefbce7000 	C:\Windows\system32\IPHLPAPI.DLL
0x000007fefbcb0000 - 0x000007fefbcbb000 	C:\Windows\system32\WINNSI.DLL
0x000007fef98f0000 - 0x000007fef9943000 	C:\Windows\System32\fwpuclnt.dll
0x000007fef79b0000 - 0x000007fef79b8000 	C:\Windows\system32\rasadhlp.dll
0x000007fefbaa0000 - 0x000007fefbaa7000 	C:\Windows\System32\wshtcpip.dll
0x000007fef0050000 - 0x000007fef0175000 	C:\Windows\system32\dbghelp.dll

VM Arguments:
jvm_args: -agentlib:jdwp=transport=dt_socket,suspend=y,address=localhost:54153 -Dfile.encoding=Cp1252 
java_command: string.MakeitAnagram
Launcher Type: SUN_STANDARD

Environment Variables:
JAVA_HOME=C:\Program Files\Java\jdk1.7.0_79\jre
PATH=C:\Windows\system32;C:\Windows;C:\Windows\System32\Wbem;C:\Windows\System32\WindowsPowerShell\v1.0\;C:\Program Files (x86)\Symantec\VIP Access Client\;C:\Program Files (x86)\Skype\Phone\;C:\Program Files\CREDANT\Shield v7.1\;C:\Program Files\Java\jdk1.7.0_79\bin;C:\Program Files\jboss\bin;C:\Program Files\TortoiseSVN\bin;C:\Program Files (x86)\WinMerge;C:\Program Files\maven\bin;C:\Program Files\maven\bin
USERNAME=sravis0
OS=Windows_NT
PROCESSOR_IDENTIFIER=Intel64 Family 6 Model 61 Stepping 4, GenuineIntel



---------------  S Y S T E M  ---------------

OS: Windows 7 , 64 bit Build 7601 Service Pack 1

CPU:total 4 (2 cores per cpu, 2 threads per core) family 6 model 61 stepping 4, cmov, cx8, fxsr, mmx, sse, sse2, sse3, ssse3, sse4.1, sse4.2, popcnt, avx, avx2, aes, erms, ht, tsc, tscinvbit

Memory: 4k page, physical 8276760k(2498004k free), swap 16551680k(7176192k free)

vm_info: Java HotSpot(TM) 64-Bit Server VM (24.79-b02) for windows-amd64 JRE (1.7.0_79-b15), built on Apr 10 2015 12:36:16 by "java_re" with unknown MS VC++:1600

time: Fri Sep 04 16:36:07 2015
elapsed time: 7408 seconds

